2023-02-27 03:44:28.846  INFO 10780 --- [main] c.m.d.DroneDispatchControllerApplication : Starting DroneDispatchControllerApplication using Java 11.0.12 on StepanovAndrey with PID 10780 (C:\projects\java\tests\musala\target\classes started by Stepanov Andrey in C:\projects\java\tests\musala)
2023-02-27 03:44:28.850  INFO 10780 --- [main] c.m.d.DroneDispatchControllerApplication : No active profile set, falling back to 1 default profile: "default"
2023-02-27 03:44:29.735  INFO 10780 --- [main] .s.d.r.c.RepositoryConfigurationDelegate : Bootstrapping Spring Data JPA repositories in DEFAULT mode.
2023-02-27 03:44:29.817  INFO 10780 --- [main] .s.d.r.c.RepositoryConfigurationDelegate : Finished Spring Data repository scanning in 69 ms. Found 2 JPA repository interfaces.
2023-02-27 03:44:30.689  INFO 10780 --- [main] o.s.b.w.embedded.tomcat.TomcatWebServer  : Tomcat initialized with port(s): 8080 (http)
2023-02-27 03:44:30.702  INFO 10780 --- [main] o.apache.catalina.core.StandardService   : Starting service [Tomcat]
2023-02-27 03:44:30.703  INFO 10780 --- [main] org.apache.catalina.core.StandardEngine  : Starting Servlet engine: [Apache Tomcat/9.0.71]
2023-02-27 03:44:30.838  INFO 10780 --- [main] o.a.c.c.C.[Tomcat].[localhost].[/]       : Initializing Spring embedded WebApplicationContext
2023-02-27 03:44:30.838  INFO 10780 --- [main] w.s.c.ServletWebServerApplicationContext : Root WebApplicationContext: initialization completed in 1932 ms
2023-02-27 03:44:30.916  INFO 10780 --- [main] com.zaxxer.hikari.HikariDataSource       : HikariPool-1 - Starting...
2023-02-27 03:44:31.041  INFO 10780 --- [main] com.zaxxer.hikari.HikariDataSource       : HikariPool-1 - Start completed.
2023-02-27 03:44:31.056  INFO 10780 --- [main] o.s.b.a.h2.H2ConsoleAutoConfiguration    : H2 console available at '/h2-console'. Database available at 'jdbc:h2:mem:musala'
2023-02-27 03:44:31.188  INFO 10780 --- [main] o.hibernate.jpa.internal.util.LogHelper  : HHH000204: Processing PersistenceUnitInfo [name: default]
2023-02-27 03:44:31.232  INFO 10780 --- [main] org.hibernate.Version                    : HHH000412: Hibernate ORM core version 5.6.14.Final
2023-02-27 03:44:31.361  INFO 10780 --- [main] o.hibernate.annotations.common.Version   : HCANN000001: Hibernate Commons Annotations {5.1.2.Final}
2023-02-27 03:44:31.474  INFO 10780 --- [main] org.hibernate.dialect.Dialect            : HHH000400: Using dialect: org.hibernate.dialect.H2Dialect
2023-02-27 03:44:32.126  INFO 10780 --- [main] o.h.e.t.j.p.i.JtaPlatformInitiator       : HHH000490: Using JtaPlatform implementation: [org.hibernate.engine.transaction.jta.platform.internal.NoJtaPlatform]
2023-02-27 03:44:32.134  INFO 10780 --- [main] j.LocalContainerEntityManagerFactoryBean : Initialized JPA EntityManagerFactory for persistence unit 'default'
2023-02-27 03:44:32.747  WARN 10780 --- [main] JpaBaseConfiguration$JpaWebConfiguration : spring.jpa.open-in-view is enabled by default. Therefore, database queries may be performed during view rendering. Explicitly configure spring.jpa.open-in-view to disable this warning
2023-02-27 03:44:33.210  INFO 10780 --- [main] o.s.b.w.embedded.tomcat.TomcatWebServer  : Tomcat started on port(s): 8080 (http) with context path ''
2023-02-27 03:44:33.226  INFO 10780 --- [main] c.m.d.DroneDispatchControllerApplication : Started DroneDispatchControllerApplication in 5.12 seconds (JVM running for 5.7)
2023-02-27 03:44:33.244  INFO 10780 --- [task-1] c.m.d.service.DroneServiceImpl           : Drone capacity check at 2023/02/27 03:44
2023-02-27 03:44:55.120  INFO 10780 --- [http-nio-8080-exec-2] o.a.c.c.C.[Tomcat].[localhost].[/]       : Initializing Spring DispatcherServlet 'dispatcherServlet'
2023-02-27 03:44:55.120  INFO 10780 --- [http-nio-8080-exec-2] o.s.web.servlet.DispatcherServlet        : Initializing Servlet 'dispatcherServlet'
2023-02-27 03:44:55.122  INFO 10780 --- [http-nio-8080-exec-2] o.s.web.servlet.DispatcherServlet        : Completed initialization in 2 ms
2023-02-27 03:45:33.221  INFO 10780 --- [task-2] c.m.d.service.DroneServiceImpl           : Drone capacity check at 2023/02/27 03:45
2023-02-27 03:45:33.223  INFO 10780 --- [task-2] c.m.d.service.DroneServiceImpl           : serial number - DRONE003, capacity - 80
2023-02-27 03:45:33.223  INFO 10780 --- [task-2] c.m.d.service.DroneServiceImpl           : serial number - DRONE002, capacity - 70
2023-02-27 03:46:31.218  INFO 10780 --- [task-3] c.m.d.service.DroneServiceImpl           : Drone capacity check at 2023/02/27 03:46
2023-02-27 03:46:31.221  INFO 10780 --- [task-3] c.m.d.service.DroneServiceImpl           : serial number - DRONE003, capacity - 80
2023-02-27 03:46:31.222  INFO 10780 --- [task-3] c.m.d.service.DroneServiceImpl           : serial number - DRONE002, capacity - 70
2023-02-27 03:47:29.489  INFO 10780 --- [task-4] c.m.d.service.DroneServiceImpl           : Drone capacity check at 2023/02/27 03:47
2023-02-27 03:47:29.493  INFO 10780 --- [task-4] c.m.d.service.DroneServiceImpl           : serial number - DRONE003, capacity - 80
2023-02-27 03:47:29.493  INFO 10780 --- [task-4] c.m.d.service.DroneServiceImpl           : serial number - DRONE002, capacity - 70
2023-02-27 03:48:27.927  INFO 10780 --- [task-5] c.m.d.service.DroneServiceImpl           : Drone capacity check at 2023/02/27 03:48
2023-02-27 03:48:27.929  INFO 10780 --- [task-5] c.m.d.service.DroneServiceImpl           : serial number - DRONE003, capacity - 80
2023-02-27 03:48:27.930  INFO 10780 --- [task-5] c.m.d.service.DroneServiceImpl           : serial number - DRONE002, capacity - 70
2023-02-27 03:49:26.206  INFO 10780 --- [task-6] c.m.d.service.DroneServiceImpl           : Drone capacity check at 2023/02/27 03:49
2023-02-27 03:49:26.208  INFO 10780 --- [task-6] c.m.d.service.DroneServiceImpl           : serial number - DRONE003, capacity - 80
2023-02-27 03:49:26.208  INFO 10780 --- [task-6] c.m.d.service.DroneServiceImpl           : serial number - DRONE002, capacity - 70
2023-02-27 03:50:25.146  INFO 10780 --- [task-7] c.m.d.service.DroneServiceImpl           : Drone capacity check at 2023/02/27 03:50
2023-02-27 03:50:25.147  INFO 10780 --- [task-7] c.m.d.service.DroneServiceImpl           : serial number - DRONE003, capacity - 80
2023-02-27 03:50:25.148  INFO 10780 --- [task-7] c.m.d.service.DroneServiceImpl           : serial number - DRONE002, capacity - 70
